  Application.cpp
  IndexBuffer.cpp
  Renderer.cpp
  Shader.cpp
  Texture.cpp
  glm.cpp
  imgui.cpp
  imgui_demo.cpp
  imgui_draw.cpp
  imgui_impl_glfw.cpp
  imgui_impl_opengl3.cpp
  imgui_tables.cpp
  imgui_widgets.cpp
  stb_image.cpp
  VertexArray.cpp
C:\Dev\CPP\VisualStudio\OpenGL\OpenGL\src\VertexArray.cpp(29,3): warning C4312: 'type cast': conversion from 'unsigned int' to 'const void *' of greater size
  VertexBuffer.cpp
  VertexBufferLayout.cpp
  Generating Code...
  LINK : C:\Dev\CPP\VisualStudio\OpenGL\x64\Debug\OpenGL.exe not found or not built by the last incremental link; performing full link
glew32s.lib(glew.obj) : warning LNK4099: PDB 'vc120.pdb' was not found with 'glew32s.lib(glew.obj)' or at 'C:\Dev\CPP\VisualStudio\OpenGL\x64\Debug\vc120.pdb'; linking object as if no debug info
LINK : warning LNK4098: defaultlib 'LIBCMT' conflicts with use of other libs; use /NODEFAULTLIB:library
  OpenGL.vcxproj -> C:\Dev\CPP\VisualStudio\OpenGL\x64\Debug\OpenGL.exe
